2018-06-01T03:46:05+00:00 INFO Queuing 3.4.0 - wc_update_340_states
2018-06-01T03:46:05+00:00 INFO Queuing 3.4.0 - wc_update_340_state
2018-06-01T03:46:05+00:00 INFO Queuing 3.4.0 - wc_update_340_last_active
2018-06-01T03:46:05+00:00 INFO Queuing 3.4.0 - wc_update_340_db_version
2018-06-01T03:46:11+00:00 INFO Running wc_update_340_states callback
2018-06-01T03:46:11+00:00 INFO Finished running wc_update_340_states callback
2018-06-01T03:46:11+00:00 INFO Running wc_update_340_state callback
2018-06-01T03:46:11+00:00 INFO wc_update_340_state callback needs to run again
2018-06-01T03:46:11+00:00 INFO Running wc_update_340_last_active callback
2018-06-01T03:46:11+00:00 INFO Finished running wc_update_340_last_active callback
2018-06-01T03:46:11+00:00 INFO Running wc_update_340_db_version callback
2018-06-01T03:46:11+00:00 INFO Finished running wc_update_340_db_version callback
2018-06-01T03:46:11+00:00 INFO Running wc_update_340_state callback
2018-06-01T03:46:11+00:00 INFO wc_update_340_state callback needs to run again
2018-06-01T03:46:11+00:00 INFO Running wc_update_340_state callback
2018-06-01T03:46:11+00:00 INFO wc_update_340_state callback needs to run again
2018-06-01T03:46:11+00:00 INFO Running wc_update_340_state callback
2018-06-01T03:46:11+00:00 INFO wc_update_340_state callback needs to run again
2018-06-01T03:46:11+00:00 INFO Running wc_update_340_state callback
2018-06-01T03:46:11+00:00 INFO wc_update_340_state callback needs to run again
2018-06-01T03:46:11+00:00 INFO Running wc_update_340_state callback
2018-06-01T03:46:11+00:00 INFO wc_update_340_state callback needs to run again
2018-06-01T03:46:11+00:00 INFO Running wc_update_340_state callback
2018-06-01T03:46:11+00:00 INFO wc_update_340_state callback needs to run again
2018-06-01T03:46:11+00:00 INFO Running wc_update_340_state callback
2018-06-01T03:46:11+00:00 INFO wc_update_340_state callback needs to run again
2018-06-01T03:46:11+00:00 INFO Running wc_update_340_state callback
2018-06-01T03:46:11+00:00 INFO wc_update_340_state callback needs to run again
2018-06-01T03:46:11+00:00 INFO Running wc_update_340_state callback
2018-06-01T03:46:11+00:00 INFO wc_update_340_state callback needs to run again
2018-06-01T03:46:11+00:00 INFO Running wc_update_340_state callback
2018-06-01T03:46:11+00:00 INFO wc_update_340_state callback needs to run again
2018-06-01T03:46:11+00:00 INFO Running wc_update_340_state callback
2018-06-01T03:46:11+00:00 INFO wc_update_340_state callback needs to run again
2018-06-01T03:46:11+00:00 INFO Running wc_update_340_state callback
2018-06-01T03:46:11+00:00 INFO wc_update_340_state callback needs to run again
2018-06-01T03:46:11+00:00 INFO Running wc_update_340_state callback
2018-06-01T03:46:11+00:00 INFO wc_update_340_state callback needs to run again
2018-06-01T03:46:11+00:00 INFO Running wc_update_340_state callback
2018-06-01T03:46:11+00:00 INFO wc_update_340_state callback needs to run again
2018-06-01T03:46:11+00:00 INFO Running wc_update_340_state callback
2018-06-01T03:46:11+00:00 INFO wc_update_340_state callback needs to run again
2018-06-01T03:46:11+00:00 INFO Running wc_update_340_state callback
2018-06-01T03:46:11+00:00 INFO wc_update_340_state callback needs to run again
2018-06-01T03:46:11+00:00 INFO Running wc_update_340_state callback
2018-06-01T03:46:11+00:00 INFO wc_update_340_state callback needs to run again
2018-06-01T03:46:11+00:00 INFO Running wc_update_340_state callback
2018-06-01T03:46:11+00:00 INFO wc_update_340_state callback needs to run again
2018-06-01T03:46:11+00:00 INFO Running wc_update_340_state callback
2018-06-01T03:46:11+00:00 INFO wc_update_340_state callback needs to run again
2018-06-01T03:46:11+00:00 INFO Running wc_update_340_state callback
2018-06-01T03:46:11+00:00 INFO wc_update_340_state callback needs to run again
2018-06-01T03:46:11+00:00 INFO Running wc_update_340_state callback
2018-06-01T03:46:11+00:00 INFO wc_update_340_state callback needs to run again
2018-06-01T03:46:11+00:00 INFO Running wc_update_340_state callback
2018-06-01T03:46:11+00:00 INFO wc_update_340_state callback needs to run again
2018-06-01T03:46:11+00:00 INFO Running wc_update_340_state callback
2018-06-01T03:46:11+00:00 INFO wc_update_340_state callback needs to run again
2018-06-01T03:46:11+00:00 INFO Running wc_update_340_state callback
2018-06-01T03:46:11+00:00 INFO wc_update_340_state callback needs to run again
2018-06-01T03:46:11+00:00 INFO Running wc_update_340_state callback
2018-06-01T03:46:11+00:00 INFO wc_update_340_state callback needs to run again
2018-06-01T03:46:11+00:00 INFO Running wc_update_340_state callback
2018-06-01T03:46:11+00:00 INFO wc_update_340_state callback needs to run again
2018-06-01T03:46:11+00:00 INFO Running wc_update_340_state callback
2018-06-01T03:46:11+00:00 INFO wc_update_340_state callback needs to run again
2018-06-01T03:46:11+00:00 INFO Running wc_update_340_state callback
2018-06-01T03:46:11+00:00 INFO wc_update_340_state callback needs to run again
2018-06-01T03:46:11+00:00 INFO Running wc_update_340_state callback
2018-06-01T03:46:11+00:00 INFO wc_update_340_state callback needs to run again
2018-06-01T03:46:11+00:00 INFO Running wc_update_340_state callback
2018-06-01T03:46:11+00:00 INFO wc_update_340_state callback needs to run again
2018-06-01T03:46:11+00:00 INFO Running wc_update_340_state callback
2018-06-01T03:46:11+00:00 INFO wc_update_340_state callback needs to run again
2018-06-01T03:46:11+00:00 INFO Running wc_update_340_state callback
2018-06-01T03:46:11+00:00 INFO wc_update_340_state callback needs to run again
2018-06-01T03:46:11+00:00 INFO Running wc_update_340_state callback
2018-06-01T03:46:11+00:00 INFO wc_update_340_state callback needs to run again
2018-06-01T03:46:11+00:00 INFO Running wc_update_340_state callback
2018-06-01T03:46:11+00:00 INFO wc_update_340_state callback needs to run again
2018-06-01T03:46:11+00:00 INFO Running wc_update_340_state callback
2018-06-01T03:46:12+00:00 INFO wc_update_340_state callback needs to run again
2018-06-01T03:46:12+00:00 INFO Running wc_update_340_state callback
2018-06-01T03:46:12+00:00 INFO wc_update_340_state callback needs to run again
2018-06-01T03:46:12+00:00 INFO Running wc_update_340_state callback
2018-06-01T03:46:12+00:00 INFO wc_update_340_state callback needs to run again
2018-06-01T03:46:12+00:00 INFO Running wc_update_340_state callback
2018-06-01T03:46:12+00:00 INFO wc_update_340_state callback needs to run again
2018-06-01T03:46:12+00:00 INFO Running wc_update_340_state callback
2018-06-01T03:46:12+00:00 INFO wc_update_340_state callback needs to run again
2018-06-01T03:46:12+00:00 INFO Running wc_update_340_state callback
2018-06-01T03:46:12+00:00 INFO wc_update_340_state callback needs to run again
2018-06-01T03:46:12+00:00 INFO Running wc_update_340_state callback
2018-06-01T03:46:12+00:00 INFO wc_update_340_state callback needs to run again
2018-06-01T03:46:12+00:00 INFO Running wc_update_340_state callback
2018-06-01T03:46:12+00:00 INFO wc_update_340_state callback needs to run again
2018-06-01T03:46:12+00:00 INFO Running wc_update_340_state callback
2018-06-01T03:46:12+00:00 INFO wc_update_340_state callback needs to run again
2018-06-01T03:46:12+00:00 INFO Running wc_update_340_state callback
2018-06-01T03:46:12+00:00 INFO wc_update_340_state callback needs to run again
2018-06-01T03:46:12+00:00 INFO Running wc_update_340_state callback
2018-06-01T03:46:12+00:00 INFO wc_update_340_state callback needs to run again
2018-06-01T03:46:12+00:00 INFO Running wc_update_340_state callback
2018-06-01T03:46:12+00:00 INFO wc_update_340_state callback needs to run again
2018-06-01T03:46:12+00:00 INFO Running wc_update_340_state callback
2018-06-01T03:46:12+00:00 INFO wc_update_340_state callback needs to run again
2018-06-01T03:46:12+00:00 INFO Running wc_update_340_state callback
2018-06-01T03:46:12+00:00 INFO wc_update_340_state callback needs to run again
2018-06-01T03:46:12+00:00 INFO Running wc_update_340_state callback
2018-06-01T03:46:12+00:00 INFO wc_update_340_state callback needs to run again
2018-06-01T03:46:12+00:00 INFO Running wc_update_340_state callback
2018-06-01T03:46:12+00:00 INFO wc_update_340_state callback needs to run again
2018-06-01T03:46:12+00:00 INFO Running wc_update_340_state callback
2018-06-01T03:46:12+00:00 INFO wc_update_340_state callback needs to run again
2018-06-01T03:46:12+00:00 INFO Running wc_update_340_state callback
2018-06-01T03:46:12+00:00 INFO wc_update_340_state callback needs to run again
2018-06-01T03:46:12+00:00 INFO Running wc_update_340_state callback
2018-06-01T03:46:12+00:00 INFO wc_update_340_state callback needs to run again
2018-06-01T03:46:12+00:00 INFO Running wc_update_340_state callback
2018-06-01T03:46:12+00:00 INFO wc_update_340_state callback needs to run again
2018-06-01T03:46:12+00:00 INFO Running wc_update_340_state callback
2018-06-01T03:46:12+00:00 INFO wc_update_340_state callback needs to run again
2018-06-01T03:46:12+00:00 INFO Running wc_update_340_state callback
2018-06-01T03:46:12+00:00 INFO wc_update_340_state callback needs to run again
2018-06-01T03:46:12+00:00 INFO Running wc_update_340_state callback
2018-06-01T03:46:12+00:00 INFO wc_update_340_state callback needs to run again
2018-06-01T03:46:12+00:00 INFO Running wc_update_340_state callback
2018-06-01T03:46:12+00:00 INFO wc_update_340_state callback needs to run again
2018-06-01T03:46:12+00:00 INFO Running wc_update_340_state callback
2018-06-01T03:46:12+00:00 INFO wc_update_340_state callback needs to run again
2018-06-01T03:46:12+00:00 INFO Running wc_update_340_state callback
2018-06-01T03:46:12+00:00 INFO wc_update_340_state callback needs to run again
2018-06-01T03:46:12+00:00 INFO Running wc_update_340_state callback
2018-06-01T03:46:12+00:00 INFO wc_update_340_state callback needs to run again
2018-06-01T03:46:12+00:00 INFO Running wc_update_340_state callback
2018-06-01T03:46:12+00:00 INFO wc_update_340_state callback needs to run again
2018-06-01T03:46:12+00:00 INFO Running wc_update_340_state callback
2018-06-01T03:46:12+00:00 INFO wc_update_340_state callback needs to run again
2018-06-01T03:46:12+00:00 INFO Running wc_update_340_state callback
2018-06-01T03:46:12+00:00 INFO wc_update_340_state callback needs to run again
2018-06-01T03:46:12+00:00 INFO Running wc_update_340_state callback
2018-06-01T03:46:12+00:00 INFO wc_update_340_state callback needs to run again
2018-06-01T03:46:12+00:00 INFO Running wc_update_340_state callback
2018-06-01T03:46:12+00:00 INFO Finished running wc_update_340_state callback
2018-06-01T03:46:12+00:00 INFO Data update complete
