04-18-2018 @ 07:33:24 - 
====Stripe Version: 4.1.0====
====Start Log====
Keys are not set correctly.
====End Log====


04-18-2018 @ 07:39:45 - 
====Stripe Version: 4.1.0====
====Start Log====
Keys are not set correctly.
====End Log====


04-18-2018 @ 07:44:59 - 
====Stripe Version: 4.1.0====
====Start Log====
Keys are not set correctly.
====End Log====


04-18-2018 @ 07:46:51 - 
====Stripe Version: 4.1.0====
====Start Log====
Keys are not set correctly.
====End Log====


04-18-2018 @ 07:50:44 - 
====Stripe Version: 4.1.0====
====Start Log====
Keys are not set correctly.
====End Log====


04-18-2018 @ 07:56:24 - 
====Stripe Version: 4.1.0====
====Start Log====
Keys are not set correctly.
====End Log====


04-20-2018 @ 03:45:39 - 
====Stripe Version: 4.1.0====
====Start Log====
Keys are not set correctly.
====End Log====


04-20-2018 @ 03:46:54 - 
====Stripe Version: 4.1.0====
====Start Log====
Keys are not set correctly.
====End Log====


04-20-2018 @ 03:48:05 - 
====Stripe Version: 4.1.0====
====Start Log====
Keys are not set correctly.
====End Log====


